<?xml version="1.0" encoding="UTF-8"?>
<!-- Generated by org.testng.reporters.JUnitReportReporter -->
<testsuite skipped="0" hostname="Lenovo" name="org.test.git.GitProgram" tests="1" failures="0" timestamp="28 Jul 2022 04:17:20 GMT" time="18.279" errors="0">
  <testcase name="test1" time="18.279" classname="org.test.git.GitProgram"/>
</testsuite> <!-- org.test.git.GitProgram -->
