<?xml version="1.0" encoding="UTF-8"?>
<!-- Generated by org.testng.reporters.JUnitReportReporter -->
<testsuite skipped="0" hostname="Lenovo" name="org.samples.A" tests="1" failures="0" timestamp="15 Jul 2022 03:22:42 GMT" time="0.027" errors="0">
  <testcase name="testA3" time="0.027" classname="org.samples.A"/>
</testsuite> <!-- org.samples.A -->
